Running `bundle install --verbose` with bundler 2.3.4
Found changes from the lockfile, re-resolving dependencies because the dependencies in your gemfile changed, you added a new platform to your gemfile
HTTP GET https://eric.barendt%40stitchfix.com@stitchfix01.jfrog.io/stitchfix01/api/gems/eng-gems/versions
HTTP 404 Not Found https://eric.barendt%40stitchfix.com@stitchfix01.jfrog.io/stitchfix01/api/gems/eng-gems/versions
HTTP GET https://eric.barendt%40stitchfix.com@stitchfix01.jfrog.io/stitchfix01/api/gems/eng-gems/api/v1/dependencies
HTTP 200 OK https://eric.barendt%40stitchfix.com@stitchfix01.jfrog.io/stitchfix01/api/gems/eng-gems/api/v1/dependencies
Fetching gem metadata from https://stitchfix01.jfrog.io/stitchfix01/api/gems/eng-gems/
Query List: ["pry"]
Query Gemcutter Dependency Endpoint API: pry
HTTP GET https://eric.barendt%40stitchfix.com@stitchfix01.jfrog.io/stitchfix01/api/gems/eng-gems/api/v1/dependencies?gems=pry
HTTP 200 OK https://eric.barendt%40stitchfix.com@stitchfix01.jfrog.io/stitchfix01/api/gems/eng-gems/api/v1/dependencies?gems=pry
Query List: ["coderay", "slop", "method_source", "win32console", "spoon", "ruby_parser", "yard"]
Query Gemcutter Dependency Endpoint API: coderay,slop,method_source,win32console,spoon,ruby_parser,yard
HTTP GET https://eric.barendt%40stitchfix.com@stitchfix01.jfrog.io/stitchfix01/api/gems/eng-gems/api/v1/dependencies?gems=coderay%2Cmethod_source%2Cruby_parser%2Cslop%2Cspoon%2Cwin32console%2Cyard
HTTP 200 OK https://eric.barendt%40stitchfix.com@stitchfix01.jfrog.io/stitchfix01/api/gems/eng-gems/api/v1/dependencies?gems=coderay%2Cmethod_source%2Cruby_parser%2Cslop%2Cspoon%2Cwin32console%2Cyard
Query List: ["sexp_processor", "ParseTree", "hoe", "ffi", "erubis", "webrick"]
Query Gemcutter Dependency Endpoint API: sexp_processor,ParseTree,hoe,ffi,erubis,webrick
HTTP GET https://eric.barendt%40stitchfix.com@stitchfix01.jfrog.io/stitchfix01/api/gems/eng-gems/api/v1/dependencies?gems=ParseTree%2Cerubis%2Cffi%2Choe%2Csexp_processor%2Cwebrick
HTTP 200 OK https://eric.barendt%40stitchfix.com@stitchfix01.jfrog.io/stitchfix01/api/gems/eng-gems/api/v1/dependencies?gems=ParseTree%2Cerubis%2Cffi%2Choe%2Csexp_processor%2Cwebrick
Query List: ["RubyInline", "SexpProcessor", "abstract", "rake", "rubyforge", "gemcutter"]
Query Gemcutter Dependency Endpoint API: RubyInline,SexpProcessor,abstract,rake,rubyforge,gemcutter
HTTP GET https://eric.barendt%40stitchfix.com@stitchfix01.jfrog.io/stitchfix01/api/gems/eng-gems/api/v1/dependencies?gems=RubyInline%2CSexpProcessor%2Cabstract%2Cgemcutter%2Crake%2Crubyforge
HTTP 200 OK https://eric.barendt%40stitchfix.com@stitchfix01.jfrog.io/stitchfix01/api/gems/eng-gems/api/v1/dependencies?gems=RubyInline%2CSexpProcessor%2Cabstract%2Cgemcutter%2Crake%2Crubyforge
Query List: ["ZenTest", "json", "net-scp", "json_pure"]
Query Gemcutter Dependency Endpoint API: ZenTest,json,net-scp,json_pure
HTTP GET https://eric.barendt%40stitchfix.com@stitchfix01.jfrog.io/stitchfix01/api/gems/eng-gems/api/v1/dependencies?gems=ZenTest%2Cjson%2Cjson_pure%2Cnet-scp
HTTP 200 OK https://eric.barendt%40stitchfix.com@stitchfix01.jfrog.io/stitchfix01/api/gems/eng-gems/api/v1/dependencies?gems=ZenTest%2Cjson%2Cjson_pure%2Cnet-scp
Query List: ["spruz", "net-ssh"]
Query Gemcutter Dependency Endpoint API: spruz,net-ssh
HTTP GET https://eric.barendt%40stitchfix.com@stitchfix01.jfrog.io/stitchfix01/api/gems/eng-gems/api/v1/dependencies?gems=net-ssh%2Cspruz
HTTP 200 OK https://eric.barendt%40stitchfix.com@stitchfix01.jfrog.io/stitchfix01/api/gems/eng-gems/api/v1/dependencies?gems=net-ssh%2Cspruz
Query List: ["needle", "jruby-pageant", "rbnacl-libsodium", "rbnacl", "bcrypt_pbkdf"]
Query Gemcutter Dependency Endpoint API: needle,jruby-pageant,rbnacl-libsodium,rbnacl,bcrypt_pbkdf
HTTP GET https://eric.barendt%40stitchfix.com@stitchfix01.jfrog.io/stitchfix01/api/gems/eng-gems/api/v1/dependencies?gems=bcrypt_pbkdf%2Cjruby-pageant%2Cneedle%2Crbnacl%2Crbnacl-libsodium
HTTP 200 OK https://eric.barendt%40stitchfix.com@stitchfix01.jfrog.io/stitchfix01/api/gems/eng-gems/api/v1/dependencies?gems=bcrypt_pbkdf%2Cjruby-pageant%2Cneedle%2Crbnacl%2Crbnacl-libsodium
Query List: []
Resolving dependencies...
Using bundler 2.3.4
0:  bundler (2.3.4) from /Users/ericbarendt/.asdf/installs/ruby/3.0.3/lib/ruby/gems/3.0.0/specifications/bundler-2.3.4.gemspec
Using method_source 1.0.0
Using coderay 1.1.3
1:  coderay (1.1.3) from /Users/ericbarendt/.asdf/installs/ruby/3.0.3/lib/ruby/gems/3.0.0/specifications/coderay-1.1.3.gemspec
2:  method_source (1.0.0) from /Users/ericbarendt/.asdf/installs/ruby/3.0.3/lib/ruby/gems/3.0.0/specifications/method_source-1.0.0.gemspec
Fetching pry 0.14.1
Installing pry 0.14.1
3:  pry (0.14.1) from /Users/ericbarendt/.asdf/installs/ruby/3.0.3/lib/ruby/gems/3.0.0/specifications/pry-0.14.1.gemspec
Bundle complete! 1 Gemfile dependency, 4 gems now installed.
Use `bundle info [gemname]` to see where a bundled gem is installed.
