Running `bundle install --verbose` with bundler 2.3.4
Found changes from the lockfile, re-resolving dependencies because the dependencies in your gemfile changed, you added a new platform to your gemfile
HTTP GET https://index.rubygems.org/versions
HTTP 304 Not Modified https://index.rubygems.org/versions
Fetching gem metadata from https://rubygems.org/
Looking up gems ["pry"]
Looking up gems ["ruby_parser", "method_source", "coderay", "win32console", "yard", "slop", "spoon"]
Looking up gems ["hoe", "ParseTree", "sexp_processor", "erubis", "webrick", "ffi"]
Looking up gems ["rake", "rubyforge", "RubyInline", "gemcutter", "abstract", "SexpProcessor"]
Looking up gems ["json", "net-scp", "json_pure", "ZenTest"]
Looking up gems ["net-ssh", "spruz"]
Looking up gems ["needle", "jruby-pageant", "bcrypt_pbkdf", "rbnacl", "rbnacl-libsodium"]
Resolving dependencies...
Using bundler 2.3.4
0:  bundler (2.3.4) from /Users/ericbarendt/.asdf/installs/ruby/3.0.3/lib/ruby/gems/3.0.0/specifications/bundler-2.3.4.gemspec
Using coderay 1.1.3
Using method_source 1.0.0
0:  coderay (1.1.3) from /Users/ericbarendt/.asdf/installs/ruby/3.0.3/lib/ruby/gems/3.0.0/specifications/coderay-1.1.3.gemspec
1:  method_source (1.0.0) from /Users/ericbarendt/.asdf/installs/ruby/3.0.3/lib/ruby/gems/3.0.0/specifications/method_source-1.0.0.gemspec
Fetching pry 0.14.1
Installing pry 0.14.1
10:  pry (0.14.1) from /Users/ericbarendt/.asdf/installs/ruby/3.0.3/lib/ruby/gems/3.0.0/specifications/pry-0.14.1.gemspec
Bundle complete! 1 Gemfile dependency, 4 gems now installed.
Use `bundle info [gemname]` to see where a bundled gem is installed.
